{
  "0 debug pnpm:scope": {
    "selected": 1
  },
  "1 debug pnpm:package-manifest": {
    "initial": {},
    "prefix": "/home/ghost/Projects/Placements/affordmed-interview"
  },
  "2 debug pnpm:context": {
    "currentLockfileExists": false,
    "storeDir": "/home/ghost/.local/share/pnpm/store/v3",
    "virtualStoreDir": "/home/ghost/Projects/Placements/affordmed-interview/node_modules/.pnpm"
  },
  "3 debug pnpm:stage": {
    "prefix": "/home/ghost/Projects/Placements/affordmed-interview",
    "stage": "resolution_started"
  },
  "4 debug pnpm:_dependency_resolved": {
    "resolution": "registry.npmjs.org/ts-node/10.8.0",
    "wanted": {
      "dependentId": ".",
      "name": "ts-node",
      "rawSpec": "latest"
    }
  },
  "5 debug pnpm:progress": {
    "packageId": "registry.npmjs.org/ts-node/10.8.0",
    "requester": "/home/ghost/Projects/Placements/affordmed-interview",
    "status": "resolved"
  },
  "6 debug pnpm:progress": {
    "packageId": "registry.npmjs.org/ts-node/10.8.0",
    "requester": "/home/ghost/Projects/Placements/affordmed-interview",
    "status": "found_in_store"
  },
  "7 error pnpm": {
    "code": "ERR_PNPM_FETCH_404",
    "hint": "typesscript is not in the npm registry, or you have no permission to fetch it.\n\nNo authorization header was set for the request.",
    "request": {
      "url": "https://registry.npmjs.org/typesscript"
    },
    "response": {
      "size": 0
    },
    "pkgName": "typesscript",
    "spec": {
      "fetchSpec": "latest",
      "name": "typesscript",
      "type": "tag"
    },
    "pkgsStack": [],
    "err": {
      "name": "pnpm",
      "message": "GET https://registry.npmjs.org/typesscript: Not Found - 404",
      "code": "ERR_PNPM_FETCH_404",
      "stack": "pnpm: GET https://registry.npmjs.org/typesscript: Not Found - 404\n    at RetryOperation._fn (/usr/lib/node_modules/pnpm/dist/pnpm.cjs:84429:19)\n    at process.processTicksAndRejections (node:internal/process/task_queues:95:5)"
    }
  }
}